Error   2025-01-09 13:50:22:0709  DevID:  Source-Line:libMvCameraControl.so(GenTLLoadLibraryEx.cpp-L0222)  ProcessName:main(25837)   Description:Load CTI failed! CTI path[/opt/MVS/lib/64/MvProducerVIR.dll], nRet[0x8000000c]     Solution:
Error   2025-01-09 13:50:22:0710  DevID:  Source-Line:libMvCameraControl.so(GenTLLoadLibraryEx.cpp-L0222)  ProcessName:main(25837)   Description:Load CTI failed! CTI path[/opt/MVS/lib/64/MvProducerVIR.dll], nRet[0x8000000c]     Solution:
Info    2025-01-09 13:50:22:0931  DevID:MV-CA016-10UC(00DA1923282)  Source-Line:libMvCameraControl.so(U3VDevice.cpp-L0105)  ProcessName:main(25837)   Description:[U3V Info]Speed[0x320], DeviceAddress[0], VendorName[U3V], ManufacturerInfo[U3V], DeviceVersion[V1.6.4 230423 1015268], UserID[]     Solution:
Info    2025-01-09 13:50:22:0931  DevID:MV-CA016-10UC(00DA1923282)  Source-Line:libMvCameraControl.so(MediaProcess.cpp-L0789)  ProcessName:main(25837)   Description:Set Bayer CvtQuality success! BayerCvtQuality[2]     Solution:
Info    2025-01-09 13:50:22:0931  DevID:MV-CA016-10UC(00DA1923282)  Source-Line:libMvCameraControl.so(MediaProcess.cpp-L1494)  ProcessName:main(25837)   Description:Set Bayer Thread Num success! BayerThreadNum[4]     Solution:
Info    2025-01-09 13:50:22:0931  DevID:MV-CA016-10UC(00DA1923282)  Source-Line:libMvCameraControl.so(U3VDevice.cpp-L0263)  ProcessName:main(25837)   Description:CamCtrl[0x4030004], U3V SDKVersion[0x4030003], DriverVersion[0x0]     Solution:
Error   2025-01-09 13:50:28:0736  DevID:  Source-Line:libMvCameraControl.so(GenTLLoadLibraryEx.cpp-L0222)  ProcessName:main(25911)   Description:Load CTI failed! CTI path[/opt/MVS/lib/64/MvProducerVIR.dll], nRet[0x8000000c]     Solution:
Error   2025-01-09 13:50:28:0739  DevID:  Source-Line:libMvCameraControl.so(GenTLLoadLibraryEx.cpp-L0222)  ProcessName:main(25911)   Description:Load CTI failed! CTI path[/opt/MVS/lib/64/MvProducerVIR.dll], nRet[0x8000000c]     Solution:
Info    2025-01-09 13:50:28:0953  DevID:MV-CA016-10UC(00DA1923282)  Source-Line:libMvCameraControl.so(U3VDevice.cpp-L0105)  ProcessName:main(25911)   Description:[U3V Info]Speed[0x320], DeviceAddress[0], VendorName[U3V], ManufacturerInfo[U3V], DeviceVersion[V1.6.4 230423 1015268], UserID[]     Solution:
Info    2025-01-09 13:50:28:0953  DevID:MV-CA016-10UC(00DA1923282)  Source-Line:libMvCameraControl.so(MediaProcess.cpp-L0789)  ProcessName:main(25911)   Description:Set Bayer CvtQuality success! BayerCvtQuality[2]     Solution:
Info    2025-01-09 13:50:28:0953  DevID:MV-CA016-10UC(00DA1923282)  Source-Line:libMvCameraControl.so(MediaProcess.cpp-L1494)  ProcessName:main(25911)   Description:Set Bayer Thread Num success! BayerThreadNum[4]     Solution:
Info    2025-01-09 13:50:28:0953  DevID:MV-CA016-10UC(00DA1923282)  Source-Line:libMvCameraControl.so(U3VDevice.cpp-L0263)  ProcessName:main(25911)   Description:CamCtrl[0x4030004], U3V SDKVersion[0x4030003], DriverVersion[0x0]     Solution:
Info    2025-01-09 13:50:29:0255  DevID:MV-CA016-10UC(00DA1923282)  Source-Line:libMvCameraControl.so(StreamGrab.cpp-L0887)  ProcessName:main(25911)   Description:Set ImageNode Num success! NodeNum[1]     Solution:
Info    2025-01-09 13:50:29:0257  DevID:MV-CA016-10UC(00DA1923282)  Source-Line:libMvCameraControl.so(U3VDevice.cpp-L0232)  ProcessName:main(25911)   Description:Get XML success!     Solution:
Info    2025-01-09 13:50:29:0257  DevID:MV-CA016-10UC(00DA1923282)  Source-Line:libMvCameraControl.so(U3VDevice.cpp-L0423)  ProcessName:main(25911)   Description:Get GenICamXML len [0x8e12f]     Solution:
Info    2025-01-09 13:50:29:0307  DevID:MV-CA016-10UC(00DA1923282)  Source-Line:libMvCameraControl.so(U3VDevice.cpp-L0628)  ProcessName:main(25911)   Description:Set Transfer Size success! TransferSize[1048576]     Solution:
Error   2025-01-09 13:50:29:0307  DevID:MV-CA016-10UC(00DA1923282)  Source-Line:libMvCameraControl.so(GenICamImpl.cpp-L0845)  ProcessName:main(25911)   Description:PropertyName[AlgorithmAbility], Ret[0x80000100]     Solution:
Info    2025-01-09 13:50:29:0309  DevID:MV-CA016-10UC(00DA1923282)  Source-Line:libMvCameraControl.so(GenICamImpl.cpp-L0624)  ProcessName:main(25911)   Description:Invalidate Nodes success     Solution:
Info    2025-01-09 13:50:29:0309  DevID:MV-CA016-10UC(00DA1923282)  Source-Line:libMvCameraControl.so(U3VDevice.cpp-L0464)  ProcessName:main(25911)   Description:Invalidate Nodes success     Solution:
Info    2025-01-09 13:50:29:0309  DevID:MV-CA016-10UC(00DA1923282)  Source-Line:libMvCameraControl.so(U3VDevice.cpp-L0476)  ProcessName:main(25911)   Description:Open device success! PrivilegeMode[1], SwitchoverKey[0], DeviceUptime[                                                            1507],DeviceFirmwareVersion[V1.6.4 230423,22112401]     Solution:
Info    2025-01-09 13:50:29:0309  DevID:MV-CA016-10UC(00DA1923282)  Source-Line:libMvCameraControl.so(U3VDevice.cpp-L0489)  ProcessName:main(25911)   Description:OpenDevice, cost time 356.000000ms      Solution:
Info    2025-01-09 13:50:29:0312  DevID:MV-CA016-10UC(00DA1923282)  Source-Line:libMvCameraControl.so(GenICamImpl.cpp-L2046)  ProcessName:main(25911)   Description:[Record] Get BlackLevel value [150]     Solution:
Info    2025-01-09 13:50:29:0313  DevID:MV-CA016-10UC(00DA1923282)  Source-Line:libMvCameraControl.so(StreamGrab.cpp-L0127)  ProcessName:main(25911)   Description:Register Image CallBack Success!     Solution:
Info    2025-01-09 13:50:29:0315  DevID:MV-CA016-10UC(00DA1923282)  Source-Line:libMvCameraControl.so(GenICamImpl.cpp-L2059)  ProcessName:main(25911)   Description:[Record] Get BalanceWhiteAuto Value [1] (0:off 1:contineu; 2:once):     Solution:
Error   2025-01-09 13:50:29:0321  DevID:MV-CA016-10UC(00DA1923282)  Source-Line:libMvCameraControl.so(GenICamImpl.cpp-L0845)  ProcessName:main(25911)   Description:PropertyName[PartialImageOutputMode], Ret[0x80000100]     Solution:
Info    2025-01-09 13:50:29:0321  DevID:MV-CA016-10UC(00DA1923282)  Source-Line:libMvCameraControl.so(U3VStream.cpp-L0047)  ProcessName:main(25911)   Description:[U3V]Start Grabbing, DeviceUptime[                                                            1507]     Solution:
Info    2025-01-09 13:50:29:0335  DevID:MV-CA016-10UC(00DA1923282)  Source-Line:libMvCameraControl.so(StreamGrab.cpp-L1377)  ProcessName:main(25911)   Description:CamCtrl RecvThread Start, ThreadId[578799168]     Solution:
Info    2025-01-09 13:50:29:0343  DevID:MV-CA016-10UC(00DA1923282)  Source-Line:libMvCameraControl.so(GenICamImpl.cpp-L2089)  ProcessName:main(25911)   Description:[Record] Get ExposureAuto value [0]     Solution:
Info    2025-01-09 13:50:29:0353  DevID:MV-CA016-10UC(00DA1923282)  Source-Line:libMvCameraControl.so(StreamGrab.cpp-L0360)  ProcessName:main(25911)   Description:Start grabbing success, The callback has been registered!     Solution:
Info    2025-01-09 13:50:29:0356  DevID:MV-CA016-10UC(00DA1923282)  Source-Line:libMvCameraControl.so(GenICamImpl.cpp-L2102)  ProcessName:main(25911)   Description:[Record] Get ExposureTime value [500.000000]      Solution:
Info    2025-01-09 13:50:29:0358  DevID:MV-CA016-10UC(00DA1923282)  Source-Line:libMvCameraControl.so(GenICamImpl.cpp-L2114)  ProcessName:main(25911)   Description:[Record] Get GainAuto value [0] (0:off 1:contineu; 2:once):     Solution:
Info    2025-01-09 13:50:29:0664  DevID:MV-CA016-10UC(00DA1923282)  Source-Line:libMvCameraControl.so(GenICamImpl.cpp-L2126)  ProcessName:main(25911)   Description:[Record] Get Gain value [16.011400]      Solution:
Error   2025-01-09 13:57:25:0069  DevID:  Source-Line:libMvCameraControl.so(GenTLLoadLibraryEx.cpp-L0222)  ProcessName:main(27486)   Description:Load CTI failed! CTI path[/opt/MVS/lib/64/MvProducerVIR.dll], nRet[0x8000000c]     Solution:
Error   2025-01-09 13:57:25:0070  DevID:  Source-Line:libMvCameraControl.so(GenTLLoadLibraryEx.cpp-L0222)  ProcessName:main(27486)   Description:Load CTI failed! CTI path[/opt/MVS/lib/64/MvProducerVIR.dll], nRet[0x8000000c]     Solution:
Info    2025-01-09 13:57:25:0289  DevID:MV-CA016-10UC(00DA1923282)  Source-Line:libMvCameraControl.so(U3VDevice.cpp-L0105)  ProcessName:main(27486)   Description:[U3V Info]Speed[0x320], DeviceAddress[0], VendorName[U3V], ManufacturerInfo[U3V], DeviceVersion[V1.6.4 230423 1015268], UserID[]     Solution:
Info    2025-01-09 13:57:25:0289  DevID:MV-CA016-10UC(00DA1923282)  Source-Line:libMvCameraControl.so(MediaProcess.cpp-L0789)  ProcessName:main(27486)   Description:Set Bayer CvtQuality success! BayerCvtQuality[2]     Solution:
Info    2025-01-09 13:57:25:0289  DevID:MV-CA016-10UC(00DA1923282)  Source-Line:libMvCameraControl.so(MediaProcess.cpp-L1494)  ProcessName:main(27486)   Description:Set Bayer Thread Num success! BayerThreadNum[4]     Solution:
Info    2025-01-09 13:57:25:0289  DevID:MV-CA016-10UC(00DA1923282)  Source-Line:libMvCameraControl.so(U3VDevice.cpp-L0263)  ProcessName:main(27486)   Description:CamCtrl[0x4030004], U3V SDKVersion[0x4030003], DriverVersion[0x0]     Solution:
Info    2025-01-09 13:57:26:0579  DevID:MV-CA016-10UC(00DA1923282)  Source-Line:libMvCameraControl.so(StreamGrab.cpp-L0887)  ProcessName:main(27486)   Description:Set ImageNode Num success! NodeNum[1]     Solution:
Info    2025-01-09 13:57:26:0581  DevID:MV-CA016-10UC(00DA1923282)  Source-Line:libMvCameraControl.so(U3VDevice.cpp-L0232)  ProcessName:main(27486)   Description:Get XML success!     Solution:
Info    2025-01-09 13:57:26:0581  DevID:MV-CA016-10UC(00DA1923282)  Source-Line:libMvCameraControl.so(U3VDevice.cpp-L0423)  ProcessName:main(27486)   Description:Get GenICamXML len [0x8e12f]     Solution:
Info    2025-01-09 13:57:26:0638  DevID:MV-CA016-10UC(00DA1923282)  Source-Line:libMvCameraControl.so(U3VDevice.cpp-L0628)  ProcessName:main(27486)   Description:Set Transfer Size success! TransferSize[1048576]     Solution:
Error   2025-01-09 13:57:26:0638  DevID:MV-CA016-10UC(00DA1923282)  Source-Line:libMvCameraControl.so(GenICamImpl.cpp-L0845)  ProcessName:main(27486)   Description:PropertyName[AlgorithmAbility], Ret[0x80000100]     Solution:
Info    2025-01-09 13:57:26:0641  DevID:MV-CA016-10UC(00DA1923282)  Source-Line:libMvCameraControl.so(GenICamImpl.cpp-L0624)  ProcessName:main(27486)   Description:Invalidate Nodes success     Solution:
Info    2025-01-09 13:57:26:0641  DevID:MV-CA016-10UC(00DA1923282)  Source-Line:libMvCameraControl.so(U3VDevice.cpp-L0464)  ProcessName:main(27486)   Description:Invalidate Nodes success     Solution:
Info    2025-01-09 13:57:26:0643  DevID:MV-CA016-10UC(00DA1923282)  Source-Line:libMvCameraControl.so(U3VDevice.cpp-L0476)  ProcessName:main(27486)   Description:Open device success! PrivilegeMode[1], SwitchoverKey[0], DeviceUptime[                                                            1925],DeviceFirmwareVersion[V1.6.4 230423,22112401]     Solution:
Info    2025-01-09 13:57:26:0643  DevID:MV-CA016-10UC(00DA1923282)  Source-Line:libMvCameraControl.so(U3VDevice.cpp-L0489)  ProcessName:main(27486)   Description:OpenDevice, cost time 1354.000000ms      Solution:
Info    2025-01-09 13:57:26:0648  DevID:MV-CA016-10UC(00DA1923282)  Source-Line:libMvCameraControl.so(GenICamImpl.cpp-L2046)  ProcessName:main(27486)   Description:[Record] Get BlackLevel value [150]     Solution:
Info    2025-01-09 13:57:26:0650  DevID:MV-CA016-10UC(00DA1923282)  Source-Line:libMvCameraControl.so(StreamGrab.cpp-L0127)  ProcessName:main(27486)   Description:Register Image CallBack Success!     Solution:
Info    2025-01-09 13:57:26:0651  DevID:MV-CA016-10UC(00DA1923282)  Source-Line:libMvCameraControl.so(GenICamImpl.cpp-L2059)  ProcessName:main(27486)   Description:[Record] Get BalanceWhiteAuto Value [1] (0:off 1:contineu; 2:once):     Solution:
Error   2025-01-09 13:57:26:0662  DevID:MV-CA016-10UC(00DA1923282)  Source-Line:libMvCameraControl.so(GenICamImpl.cpp-L0845)  ProcessName:main(27486)   Description:PropertyName[PartialImageOutputMode], Ret[0x80000100]     Solution:
Info    2025-01-09 13:57:26:0662  DevID:MV-CA016-10UC(00DA1923282)  Source-Line:libMvCameraControl.so(U3VStream.cpp-L0047)  ProcessName:main(27486)   Description:[U3V]Start Grabbing, DeviceUptime[                                                            1925]     Solution:
Info    2025-01-09 13:57:26:0675  DevID:MV-CA016-10UC(00DA1923282)  Source-Line:libMvCameraControl.so(StreamGrab.cpp-L1377)  ProcessName:main(27486)   Description:CamCtrl RecvThread Start, ThreadId[-25180608]     Solution:
Info    2025-01-09 13:57:26:0686  DevID:MV-CA016-10UC(00DA1923282)  Source-Line:libMvCameraControl.so(GenICamImpl.cpp-L2089)  ProcessName:main(27486)   Description:[Record] Get ExposureAuto value [0]     Solution:
Info    2025-01-09 13:57:26:0696  DevID:MV-CA016-10UC(00DA1923282)  Source-Line:libMvCameraControl.so(StreamGrab.cpp-L0360)  ProcessName:main(27486)   Description:Start grabbing success, The callback has been registered!     Solution:
Info    2025-01-09 13:57:26:0698  DevID:MV-CA016-10UC(00DA1923282)  Source-Line:libMvCameraControl.so(GenICamImpl.cpp-L2102)  ProcessName:main(27486)   Description:[Record] Get ExposureTime value [500.000000]      Solution:
Info    2025-01-09 13:57:26:0699  DevID:MV-CA016-10UC(00DA1923282)  Source-Line:libMvCameraControl.so(GenICamImpl.cpp-L2114)  ProcessName:main(27486)   Description:[Record] Get GainAuto value [0] (0:off 1:contineu; 2:once):     Solution:
Info    2025-01-09 13:57:26:0702  DevID:MV-CA016-10UC(00DA1923282)  Source-Line:libMvCameraControl.so(GenICamImpl.cpp-L2126)  ProcessName:main(27486)   Description:[Record] Get Gain value [16.011400]      Solution:
Info    2025-01-09 13:57:27:0250  DevID:MV-CA016-10UC(00DA1923282)  Source-Line:libMvCameraControl.so(GenICamImpl.cpp-L2138)  ProcessName:main(27486)   Description:[Record] Get PixelFormat value [17301513] :     Solution:
Info    2025-01-09 13:57:28:0352  DevID:MV-CA016-10UC(00DA1923282)  Source-Line:libMvCameraControl.so(GenICamImpl.cpp-L2149)  ProcessName:main(27486)   Description:[Record] Get GammaEnable value [0]      Solution:
Info    2025-01-09 13:57:29:0753  DevID:MV-CA016-10UC(00DA1923282)  Source-Line:libMvCameraControl.so(GenICamImpl.cpp-L2160)  ProcessName:main(27486)   Description:[Record] Get Gamma value [0.700000]      Solution:
Info    2025-01-09 13:57:30:0095  DevID:MV-CA016-10UC(00DA1923282)  Source-Line:libMvCameraControl.so(GenICamImpl.cpp-L2171)  ProcessName:main(27486)   Description:[Record] Get UserSetCurrent value [1]     Solution:
Info    2025-01-09 13:57:30:0949  DevID:MV-CA016-10UC(00DA1923282)  Source-Line:libMvCameraControl.so(GenICamImpl.cpp-L2182)  ProcessName:main(27486)   Description:[Record] Get UserSetSelector value [1]      Solution:
Info    2025-01-09 13:57:31:0295  DevID:MV-CA016-10UC(00DA1923282)  Source-Line:libMvCameraControl.so(GenICamImpl.cpp-L2193)  ProcessName:main(27486)   Description:[Record] Get UserSetDefault value[1]     Solution:
Error   2025-01-09 13:58:22:0948  DevID:  Source-Line:libMvCameraControl.so(GenTLLoadLibraryEx.cpp-L0222)  ProcessName:main(27909)   Description:Load CTI failed! CTI path[/opt/MVS/lib/64/MvProducerVIR.dll], nRet[0x8000000c]     Solution:
Error   2025-01-09 13:58:22:0948  DevID:  Source-Line:libMvCameraControl.so(GenTLLoadLibraryEx.cpp-L0222)  ProcessName:main(27909)   Description:Load CTI failed! CTI path[/opt/MVS/lib/64/MvProducerVIR.dll], nRet[0x8000000c]     Solution:
Info    2025-01-09 13:58:23:0168  DevID:MV-CA016-10UC(00DA1923282)  Source-Line:libMvCameraControl.so(U3VDevice.cpp-L0105)  ProcessName:main(27909)   Description:[U3V Info]Speed[0x320], DeviceAddress[0], VendorName[U3V], ManufacturerInfo[U3V], DeviceVersion[V1.6.4 230423 1015268], UserID[]     Solution:
Info    2025-01-09 13:58:23:0168  DevID:MV-CA016-10UC(00DA1923282)  Source-Line:libMvCameraControl.so(MediaProcess.cpp-L0789)  ProcessName:main(27909)   Description:Set Bayer CvtQuality success! BayerCvtQuality[2]     Solution:
Info    2025-01-09 13:58:23:0168  DevID:MV-CA016-10UC(00DA1923282)  Source-Line:libMvCameraControl.so(MediaProcess.cpp-L1494)  ProcessName:main(27909)   Description:Set Bayer Thread Num success! BayerThreadNum[4]     Solution:
Info    2025-01-09 13:58:23:0168  DevID:MV-CA016-10UC(00DA1923282)  Source-Line:libMvCameraControl.so(U3VDevice.cpp-L0263)  ProcessName:main(27909)   Description:CamCtrl[0x4030004], U3V SDKVersion[0x4030003], DriverVersion[0x0]     Solution:
Info    2025-01-09 13:58:24:0473  DevID:MV-CA016-10UC(00DA1923282)  Source-Line:libMvCameraControl.so(StreamGrab.cpp-L0887)  ProcessName:main(27909)   Description:Set ImageNode Num success! NodeNum[1]     Solution:
Info    2025-01-09 13:58:24:0475  DevID:MV-CA016-10UC(00DA1923282)  Source-Line:libMvCameraControl.so(U3VDevice.cpp-L0232)  ProcessName:main(27909)   Description:Get XML success!     Solution:
Info    2025-01-09 13:58:24:0475  DevID:MV-CA016-10UC(00DA1923282)  Source-Line:libMvCameraControl.so(U3VDevice.cpp-L0423)  ProcessName:main(27909)   Description:Get GenICamXML len [0x8e12f]     Solution:
Info    2025-01-09 13:58:24:0532  DevID:MV-CA016-10UC(00DA1923282)  Source-Line:libMvCameraControl.so(U3VDevice.cpp-L0628)  ProcessName:main(27909)   Description:Set Transfer Size success! TransferSize[1048576]     Solution:
Error   2025-01-09 13:58:24:0532  DevID:MV-CA016-10UC(00DA1923282)  Source-Line:libMvCameraControl.so(GenICamImpl.cpp-L0845)  ProcessName:main(27909)   Description:PropertyName[AlgorithmAbility], Ret[0x80000100]     Solution:
Info    2025-01-09 13:58:24:0534  DevID:MV-CA016-10UC(00DA1923282)  Source-Line:libMvCameraControl.so(GenICamImpl.cpp-L0624)  ProcessName:main(27909)   Description:Invalidate Nodes success     Solution:
Info    2025-01-09 13:58:24:0534  DevID:MV-CA016-10UC(00DA1923282)  Source-Line:libMvCameraControl.so(U3VDevice.cpp-L0464)  ProcessName:main(27909)   Description:Invalidate Nodes success     Solution:
Info    2025-01-09 13:58:24:0535  DevID:MV-CA016-10UC(00DA1923282)  Source-Line:libMvCameraControl.so(U3VDevice.cpp-L0476)  ProcessName:main(27909)   Description:Open device success! PrivilegeMode[1], SwitchoverKey[0], DeviceUptime[                                                            1983],DeviceFirmwareVersion[V1.6.4 230423,22112401]     Solution:
Info    2025-01-09 13:58:24:0535  DevID:MV-CA016-10UC(00DA1923282)  Source-Line:libMvCameraControl.so(U3VDevice.cpp-L0489)  ProcessName:main(27909)   Description:OpenDevice, cost time 1367.000000ms      Solution:
Info    2025-01-09 13:58:24:0538  DevID:MV-CA016-10UC(00DA1923282)  Source-Line:libMvCameraControl.so(GenICamImpl.cpp-L2046)  ProcessName:main(27909)   Description:[Record] Get BlackLevel value [150]     Solution:
Info    2025-01-09 13:58:24:0539  DevID:MV-CA016-10UC(00DA1923282)  Source-Line:libMvCameraControl.so(StreamGrab.cpp-L0127)  ProcessName:main(27909)   Description:Register Image CallBack Success!     Solution:
Info    2025-01-09 13:58:24:0541  DevID:MV-CA016-10UC(00DA1923282)  Source-Line:libMvCameraControl.so(GenICamImpl.cpp-L2059)  ProcessName:main(27909)   Description:[Record] Get BalanceWhiteAuto Value [1] (0:off 1:contineu; 2:once):     Solution:
Error   2025-01-09 13:58:24:0547  DevID:MV-CA016-10UC(00DA1923282)  Source-Line:libMvCameraControl.so(GenICamImpl.cpp-L0845)  ProcessName:main(27909)   Description:PropertyName[PartialImageOutputMode], Ret[0x80000100]     Solution:
Info    2025-01-09 13:58:24:0547  DevID:MV-CA016-10UC(00DA1923282)  Source-Line:libMvCameraControl.so(U3VStream.cpp-L0047)  ProcessName:main(27909)   Description:[U3V]Start Grabbing, DeviceUptime[                                                            1983]     Solution:
Info    2025-01-09 13:58:24:0560  DevID:MV-CA016-10UC(00DA1923282)  Source-Line:libMvCameraControl.so(StreamGrab.cpp-L1377)  ProcessName:main(27909)   Description:CamCtrl RecvThread Start, ThreadId[-704661952]     Solution:
Info    2025-01-09 13:58:24:0563  DevID:MV-CA016-10UC(00DA1923282)  Source-Line:libMvCameraControl.so(GenICamImpl.cpp-L2089)  ProcessName:main(27909)   Description:[Record] Get ExposureAuto value [0]     Solution:
Info    2025-01-09 13:58:24:0571  DevID:MV-CA016-10UC(00DA1923282)  Source-Line:libMvCameraControl.so(StreamGrab.cpp-L0360)  ProcessName:main(27909)   Description:Start grabbing success, The callback has been registered!     Solution:
Info    2025-01-09 13:58:24:0573  DevID:MV-CA016-10UC(00DA1923282)  Source-Line:libMvCameraControl.so(GenICamImpl.cpp-L2102)  ProcessName:main(27909)   Description:[Record] Get ExposureTime value [500.000000]      Solution:
Info    2025-01-09 13:58:24:0574  DevID:MV-CA016-10UC(00DA1923282)  Source-Line:libMvCameraControl.so(GenICamImpl.cpp-L2114)  ProcessName:main(27909)   Description:[Record] Get GainAuto value [0] (0:off 1:contineu; 2:once):     Solution:
Info    2025-01-09 13:58:24:0576  DevID:MV-CA016-10UC(00DA1923282)  Source-Line:libMvCameraControl.so(GenICamImpl.cpp-L2126)  ProcessName:main(27909)   Description:[Record] Get Gain value [16.011400]      Solution:
Info    2025-01-09 13:58:24:0578  DevID:MV-CA016-10UC(00DA1923282)  Source-Line:libMvCameraControl.so(GenICamImpl.cpp-L2138)  ProcessName:main(27909)   Description:[Record] Get PixelFormat value [17301513] :     Solution:
Info    2025-01-09 13:58:24:0881  DevID:MV-CA016-10UC(00DA1923282)  Source-Line:libMvCameraControl.so(GenICamImpl.cpp-L2149)  ProcessName:main(27909)   Description:[Record] Get GammaEnable value [0]      Solution:
Info    2025-01-09 13:58:26:0103  DevID:MV-CA016-10UC(00DA1923282)  Source-Line:libMvCameraControl.so(GenICamImpl.cpp-L2160)  ProcessName:main(27909)   Description:[Record] Get Gamma value [0.700000]      Solution:
Info    2025-01-09 13:58:26:0385  DevID:MV-CA016-10UC(00DA1923282)  Source-Line:libMvCameraControl.so(GenICamImpl.cpp-L2171)  ProcessName:main(27909)   Description:[Record] Get UserSetCurrent value [1]     Solution:
Info    2025-01-09 13:58:26:0992  DevID:MV-CA016-10UC(00DA1923282)  Source-Line:libMvCameraControl.so(GenICamImpl.cpp-L2182)  ProcessName:main(27909)   Description:[Record] Get UserSetSelector value [1]      Solution:
Info    2025-01-09 13:58:27:0603  DevID:MV-CA016-10UC(00DA1923282)  Source-Line:libMvCameraControl.so(GenICamImpl.cpp-L2193)  ProcessName:main(27909)   Description:[Record] Get UserSetDefault value[1]     Solution:
